<?xml version="1.0" encoding="UTF-8"?>
<testng-results ignored="0" total="10" passed="10" failed="0" skipped="0">
  <reporter-output>
  </reporter-output>
  <suite started-at="2025-10-24T00:09:37 IST" name="Default Suite" finished-at="2025-10-24T00:09:37 IST" duration-ms="55">
    <groups>
    </groups>
    <test started-at="2025-10-24T00:09:37 IST" name="JavaSeleniumUtubeCourse" finished-at="2025-10-24T00:09:37 IST" duration-ms="55">
      <class name="TestNGBatchTestingDemo.HomeScreenTest">
        <test-method signature="LaunchApllication()[pri:0, instance:TestNGBatchTestingDemo.HomeScreenTest@68999068]" started-at="2025-10-24T00:09:37 IST" name="LaunchApllication" finished-at="2025-10-24T00:09:37 IST" duration-ms="6" status="PASS">
          <reporter-output>
          </reporter-output>
        </test-method> <!-- LaunchApllication -->
        <test-method signature="VerifyLogo()[pri:0, instance:TestNGBatchTestingDemo.HomeScreenTest@68999068]" started-at="2025-10-24T00:09:37 IST" name="VerifyLogo" finished-at="2025-10-24T00:09:37 IST" duration-ms="0" status="PASS">
          <reporter-output>
          </reporter-output>
        </test-method> <!-- VerifyLogo -->
        <test-method signature="VerifyTitle()[pri:0, instance:TestNGBatchTestingDemo.HomeScreenTest@68999068]" started-at="2025-10-24T00:09:37 IST" name="VerifyTitle" finished-at="2025-10-24T00:09:37 IST" duration-ms="0" status="PASS">
          <reporter-output>
          </reporter-output>
        </test-method> <!-- VerifyTitle -->
      </class> <!-- TestNGBatchTestingDemo.HomeScreenTest -->
      <class name="TestNGBatchTestingDemo.PaymentTest">
        <test-method signature="CashOndelivery()[pri:0, instance:TestNGBatchTestingDemo.PaymentTest@2ef3eef9]" started-at="2025-10-24T00:09:37 IST" name="CashOndelivery" finished-at="2025-10-24T00:09:37 IST" duration-ms="1" status="PASS">
          <reporter-output>
          </reporter-output>
        </test-method> <!-- CashOndelivery -->
        <test-method signature="Netbanking()[pri:0, instance:TestNGBatchTestingDemo.PaymentTest@2ef3eef9]" started-at="2025-10-24T00:09:37 IST" name="Netbanking" finished-at="2025-10-24T00:09:37 IST" duration-ms="0" status="PASS">
          <reporter-output>
          </reporter-output>
        </test-method> <!-- Netbanking -->
      </class> <!-- TestNGBatchTestingDemo.PaymentTest -->
      <class name="TestNGBatchTestingDemo.LoginTest">
        <test-method signature="LoginTestByEmailNumber()[pri:0, instance:TestNGBatchTestingDemo.LoginTest@7722c3c3]" started-at="2025-10-24T00:09:37 IST" name="LoginTestByEmailNumber" finished-at="2025-10-24T00:09:37 IST" duration-ms="0" status="PASS">
          <reporter-output>
          </reporter-output>
        </test-method> <!-- LoginTestByEmailNumber -->
        <test-method signature="LoginTestByMobileNumber()[pri:0, instance:TestNGBatchTestingDemo.LoginTest@7722c3c3]" started-at="2025-10-24T00:09:37 IST" name="LoginTestByMobileNumber" finished-at="2025-10-24T00:09:37 IST" duration-ms="0" status="PASS">
          <reporter-output>
          </reporter-output>
        </test-method> <!-- LoginTestByMobileNumber -->
      </class> <!-- TestNGBatchTestingDemo.LoginTest -->
      <class name="TestNGBatchTestingDemo.ProductPageTest">
        <test-method signature="AddProductToCart()[pri:0, instance:TestNGBatchTestingDemo.ProductPageTest@243c4f91]" started-at="2025-10-24T00:09:37 IST" name="AddProductToCart" finished-at="2025-10-24T00:09:37 IST" duration-ms="0" status="PASS">
          <reporter-output>
          </reporter-output>
        </test-method> <!-- AddProductToCart -->
        <test-method signature="AddProductToWishList()[pri:0, instance:TestNGBatchTestingDemo.ProductPageTest@243c4f91]" started-at="2025-10-24T00:09:37 IST" name="AddProductToWishList" finished-at="2025-10-24T00:09:37 IST" duration-ms="1" status="PASS">
          <reporter-output>
          </reporter-output>
        </test-method> <!-- AddProductToWishList -->
        <test-method signature="SelectQuantity()[pri:0, instance:TestNGBatchTestingDemo.ProductPageTest@243c4f91]" started-at="2025-10-24T00:09:37 IST" name="SelectQuantity" finished-at="2025-10-24T00:09:37 IST" duration-ms="1" status="PASS">
          <reporter-output>
          </reporter-output>
        </test-method> <!-- SelectQuantity -->
      </class> <!-- TestNGBatchTestingDemo.ProductPageTest -->
    </test> <!-- JavaSeleniumUtubeCourse -->
  </suite> <!-- Default Suite -->
</testng-results>
