<?xml version="1.0" encoding="UTF-8"?>
<testng-results ignored="0" total="1" passed="1" failed="0" skipped="0">
  <reporter-output>
  </reporter-output>
  <suite started-at="2025-11-11T11:50:13 IST" name="Default suite" finished-at="2025-11-11T11:50:17 IST" duration-ms="3926">
    <groups>
    </groups>
    <test started-at="2025-11-11T11:50:13 IST" name="Default test" finished-at="2025-11-11T11:50:17 IST" duration-ms="3926">
      <class name="AsserttionPackage.AssertDemo">
        <test-method signature="TestTitle()[pri:0, instance:AsserttionPackage.AssertDemo@6302bbb1]" started-at="2025-11-11T11:50:13 IST" name="TestTitle" finished-at="2025-11-11T11:50:17 IST" duration-ms="3886" status="PASS">
          <reporter-output>
          </reporter-output>
        </test-method> <!-- TestTitle -->
      </class> <!-- AsserttionPackage.AssertDemo -->
    </test> <!-- Default test -->
  </suite> <!-- Default suite -->
</testng-results>
