<?xml version="1.0" encoding="UTF-8"?>
<!-- Generated by org.testng.reporters.JUnitReportReporter -->
<testsuite hostname="LIN59018729" failures="0" tests="2" name="TestNGBatchTestingDemo.PaymentTest" time="0.001" errors="0" timestamp="2025-10-24T00:09:37 IST" skipped="0">
  <testcase classname="TestNGBatchTestingDemo.PaymentTest" name="Netbanking" time="0.000"/>
  <system-out/>
  <testcase classname="TestNGBatchTestingDemo.PaymentTest" name="CashOndelivery" time="0.001"/>
  <system-out/>
</testsuite> <!-- TestNGBatchTestingDemo.PaymentTest -->
