<?xml version="1.0" encoding="UTF-8"?>
<!-- Generated by org.testng.reporters.JUnitReportReporter -->
<testsuite hostname="LIN59018729" failures="0" tests="3" name="TestNGBatchTestingDemo.HomeScreenTest" time="0.006" errors="0" timestamp="2025-10-24T00:09:37 IST" skipped="0">
  <testcase classname="TestNGBatchTestingDemo.HomeScreenTest" name="LaunchApllication" time="0.006"/>
  <system-out/>
  <testcase classname="TestNGBatchTestingDemo.HomeScreenTest" name="VerifyTitle" time="0.000"/>
  <system-out/>
  <testcase classname="TestNGBatchTestingDemo.HomeScreenTest" name="VerifyLogo" time="0.000"/>
  <system-out/>
</testsuite> <!-- TestNGBatchTestingDemo.HomeScreenTest -->
