<?xml version="1.0" encoding="UTF-8"?>
<!-- Generated by org.testng.reporters.JUnitReportReporter -->
<testsuite hostname="LIN59018729" failures="0" tests="2" name="TestNGBatchTestingDemo.LoginTest" time="0.000" errors="0" timestamp="2025-10-24T00:09:37 IST" skipped="0">
  <testcase classname="TestNGBatchTestingDemo.LoginTest" name="LoginTestByMobileNumber" time="0.000"/>
  <system-out/>
  <testcase classname="TestNGBatchTestingDemo.LoginTest" name="LoginTestByEmailNumber" time="0.000"/>
  <system-out/>
</testsuite> <!-- TestNGBatchTestingDemo.LoginTest -->
