<?xml version="1.0" encoding="UTF-8"?>
<!-- Generated by org.testng.reporters.JUnitReportReporter -->
<testsuite hostname="LIN59018729" failures="0" tests="3" name="XMLFIleDemo.ClassC" time="0.004" errors="0" timestamp="2025-11-10T17:54:29 IST" skipped="0">
  <testcase classname="XMLFIleDemo.ClassC" name="Cmethod1" time="0.001"/>
  <testcase classname="XMLFIleDemo.ClassC" name="Cmethod3" time="0.002"/>
  <testcase classname="XMLFIleDemo.ClassC" name="Cmethod2" time="0.001"/>
</testsuite> <!-- XMLFIleDemo.ClassC -->
