<?xml version="1.0" encoding="UTF-8"?>
<!-- Generated by org.testng.reporters.JUnitXMLReporter -->
<testsuite ignored="0" hostname="LIN59018729" failures="0" tests="3" name="Default test" time="0.076" errors="0" timestamp="2025-11-10T17:46:02 IST">
  <testcase classname="XMLFIleDemo.ClassB" name="Bmethod1" time="0.011"/>
  <testcase classname="XMLFIleDemo.ClassB" name="Bmethod2" time="0.002"/>
  <testcase classname="XMLFIleDemo.ClassB" name="Bmethod3" time="0.002"/>
</testsuite> <!-- Default test -->
