<?xml version="1.0" encoding="UTF-8"?>
<!-- Generated by org.testng.reporters.JUnitXMLReporter -->
<testsuite ignored="3" hostname="LIN59018729" failures="0" tests="6" name="Test" time="0.07" errors="0" timestamp="2025-11-10T17:54:29 IST">
  <testcase classname="XMLFIleDemo.ClassA" name="Amethod2" time="0.01"/>
  <testcase classname="XMLFIleDemo.ClassB" name="Bmethod1" time="0.002"/>
  <testcase classname="XMLFIleDemo.ClassB" name="Bmethod3" time="0.002"/>
  <testcase classname="XMLFIleDemo.ClassC" name="Cmethod1" time="0.001"/>
  <testcase classname="XMLFIleDemo.ClassC" name="Cmethod3" time="0.002"/>
  <testcase classname="XMLFIleDemo.ClassC" name="Cmethod2" time="0.001"/>
  <testcase classname="XMLFIleDemo.ClassA" name="Amethod1" time="0.0">
    <ignored/>
  </testcase> <!-- Amethod1 -->
  <testcase classname="XMLFIleDemo.ClassA" name="Amethod3" time="0.0">
    <ignored/>
  </testcase> <!-- Amethod3 -->
  <testcase classname="XMLFIleDemo.ClassB" name="Bmethod2" time="0.0">
    <ignored/>
  </testcase> <!-- Bmethod2 -->
</testsuite> <!-- Test -->
