<?xml version="1.0" encoding="UTF-8"?>
<!-- Generated by org.testng.reporters.JUnitXMLReporter -->
<testsuite ignored="0" hostname="LIN59018729" failures="0" tests="10" name="JavaSeleniumUtubeCourse" time="0.055" errors="0" timestamp="2025-10-24T00:09:37 IST">
  <testcase classname="TestNGBatchTestingDemo.HomeScreenTest" name="LaunchApllication" time="0.006"/>
  <testcase classname="TestNGBatchTestingDemo.HomeScreenTest" name="VerifyLogo" time="0.0"/>
  <testcase classname="TestNGBatchTestingDemo.HomeScreenTest" name="VerifyTitle" time="0.0"/>
  <testcase classname="TestNGBatchTestingDemo.LoginTest" name="LoginTestByEmailNumber" time="0.0"/>
  <testcase classname="TestNGBatchTestingDemo.LoginTest" name="LoginTestByMobileNumber" time="0.0"/>
  <testcase classname="TestNGBatchTestingDemo.PaymentTest" name="CashOndelivery" time="0.001"/>
  <testcase classname="TestNGBatchTestingDemo.PaymentTest" name="Netbanking" time="0.0"/>
  <testcase classname="TestNGBatchTestingDemo.ProductPageTest" name="AddProductToCart" time="0.0"/>
  <testcase classname="TestNGBatchTestingDemo.ProductPageTest" name="AddProductToWishList" time="0.001"/>
  <testcase classname="TestNGBatchTestingDemo.ProductPageTest" name="SelectQuantity" time="0.001"/>
</testsuite> <!-- JavaSeleniumUtubeCourse -->
